<?xml version="1.0" encoding="UTF-8"?>
<!-- Generated by org.testng.reporters.JUnitXMLReporter -->
<testsuite ignored="0" hostname="Admin" failures="0" tests="2" name="Regression test all classes on chrome" time="16.804" errors="0" timestamp="2024-12-11T21:03:30 ICT">
  <testcase classname="automation.testsuite.Day17_Windows" name="handleWindows" time="3.141"/>
  <testcase classname="automation.testsuite.Day17_iFrame" name="dangkyNhanTuVanLoTrinh_ThatBai_ThieuEmail" time="1.733"/>
</testsuite> <!-- Regression test all classes on chrome -->
