<?xml version="1.0" encoding="UTF-8"?>
<!-- Generated by org.testng.reporters.JUnitXMLReporter -->
<testsuite ignored="0" hostname="Admin" failures="0" tests="2" name="Regression test all classes on edge" time="28.274" errors="0" timestamp="2024-12-15T17:57:59 ICT">
  <testcase classname="automation.testsuite.DienMayNhapKhau" name="zaloChat" time="1.184"/>
  <testcase classname="automation.testsuite.Day17_WindowsPopUp" name="handleWindows" time="7.894"/>
</testsuite> <!-- Regression test all classes on edge -->
