<?xml version="1.0" encoding="UTF-8"?>
<!-- Generated by org.testng.reporters.JUnitXMLReporter -->
<testsuite ignored="0" hostname="Admin" failures="0" tests="2" name="Regression test all classes on edge" time="25.526" errors="0" timestamp="2024-12-15T18:00:44 ICT">
  <testcase classname="automation.testsuite.DienMayNhapKhau" name="zaloChat" time="0.802"/>
  <testcase classname="automation.testsuite.Day17_WindowsPopUp" name="handleWindows" time="5.941"/>
</testsuite> <!-- Regression test all classes on edge -->
