<?xml version="1.0" encoding="UTF-8"?>
<!-- Generated by org.testng.reporters.JUnitXMLReporter -->
<testsuite ignored="0" hostname="Admin" failures="0" tests="2" name="Regression test all classes on firefox" time="25.094" errors="0" timestamp="2024-12-15T18:00:19 ICT">
  <testcase classname="automation.testsuite.DienMayNhapKhau" name="zaloChat" time="0.61"/>
  <testcase classname="automation.testsuite.Day17_WindowsPopUp" name="handleWindows" time="4.782"/>
</testsuite> <!-- Regression test all classes on firefox -->
